2025-08-18 20:02:24,444 INFO 【訊息監聽】找到字型檔案: /Users/tszkinlai/Deploy/Discord ADR bot latest.ver/fonts/wqy-microhei.ttc
2025-08-18 20:02:24,455 INFO 【訊息監聽】已確認字型支援中文: /Users/tszkinlai/Deploy/Discord ADR bot latest.ver/fonts/wqy-microhei.ttc
2025-08-18 20:02:24,455 INFO 【訊息監聽】最終選擇字型: /Users/tszkinlai/Deploy/Discord ADR bot latest.ver/fonts/wqy-microhei.ttc
2025-08-18 20:02:24,462 INFO 【訊息監聽】資料庫初始化：/Users/tszkinlai/Deploy/Discord ADR bot latest.ver/dbs/message.db
2025-08-18 20:02:24,462 INFO 【訊息監聽】嘗試載入用戶名稱字型: /Users/tszkinlai/Deploy/Discord ADR bot latest.ver/fonts/wqy-microhei.ttc
2025-08-18 20:02:24,462 INFO 【訊息監聽】嘗試載入文本字型: /Users/tszkinlai/Deploy/Discord ADR bot latest.ver/fonts/wqy-microhei.ttc
2025-08-18 20:02:24,462 INFO 【訊息監聽】嘗試載入時間戳字型: /Users/tszkinlai/Deploy/Discord ADR bot latest.ver/fonts/wqy-microhei.ttc
2025-08-18 20:02:24,463 INFO 【訊息監聽】測試字型中文支援: 測試中文
2025-08-18 20:02:24,464 INFO 【訊息監聽】字型載入成功，支援中文
2025-08-18 20:02:24,464 INFO 【訊息監聽】MessageListenerCog 初始化完成
2025-08-18 20:02:24,523 INFO 【訊息監聽】資料庫表格初始化完成
2025-08-18 20:02:24,523 INFO 【訊息監聽】Cog 載入完成
2025-08-18 20:02:24,523 INFO 【訊息監聽】MessageListenerCog 已載入到機器人
2025-08-18 20:47:57,006 INFO 【訊息監聽】已渲染並發送頻道 1350805508440854660 的 2 條訊息
2025-08-18 22:17:00,275 INFO 【訊息監聽】已渲染並發送頻道 1350805508440854660 的 3 條訊息
2025-08-18 22:38:25,717 INFO 【訊息監聽】已渲染並發送頻道 1350805508440854660 的 1 條訊息
2025-08-19 08:00:00,308 INFO 【訊息監聽】已清理 7 天前的舊訊息
2025-08-19 09:15:26,031 INFO 【訊息監聽】已渲染並發送頻道 1349054710849470504 的 1 條訊息
2025-08-19 11:15:55,360 INFO 【訊息監聽】已渲染並發送頻道 1349054710849470504 的 1 條訊息
2025-08-19 11:29:55,767 INFO 【訊息監聽】已渲染並發送頻道 1349054710849470504 的 1 條訊息
2025-08-19 14:39:05,752 INFO 【訊息監聽】已渲染並發送頻道 1349054710849470504 的 10 條訊息
2025-08-19 14:41:04,558 INFO 【訊息監聽】已渲染並發送頻道 1349054710849470504 的 10 條訊息
2025-08-19 14:51:25,354 INFO 【訊息監聽】已渲染並發送頻道 1349054710849470504 的 5 條訊息
2025-08-19 15:16:22,543 INFO 【訊息監聽】已渲染並發送頻道 1349054710849470504 的 10 條訊息
2025-08-19 15:18:10,573 INFO 【訊息監聽】已渲染並發送頻道 1349054710849470504 的 10 條訊息
2025-08-19 15:22:45,548 INFO 【訊息監聽】已渲染並發送頻道 1349054710849470504 的 10 條訊息
2025-08-19 15:23:50,527 INFO 【訊息監聽】已渲染並發送頻道 1349054710849470504 的 10 條訊息
2025-08-19 15:26:27,117 INFO 【訊息監聽】已渲染並發送頻道 1349054710849470504 的 10 條訊息
2025-08-19 15:31:51,198 INFO 【訊息監聽】已渲染並發送頻道 1349054710849470504 的 10 條訊息
2025-08-19 15:35:06,474 INFO 【訊息監聽】已渲染並發送頻道 1349054710849470504 的 10 條訊息
2025-08-19 15:47:57,116 INFO 【訊息監聽】已渲染並發送頻道 1349054710849470504 的 3 條訊息
2025-08-19 15:51:43,135 INFO 【訊息監聽】已渲染並發送頻道 1349054710849470504 的 10 條訊息
2025-08-19 15:52:27,426 INFO 【訊息監聽】已渲染並發送頻道 1349054710849470504 的 10 條訊息
2025-08-19 15:57:13,691 INFO 【訊息監聽】已渲染並發送頻道 1349054710849470504 的 10 條訊息
2025-08-19 16:07:55,241 INFO 【訊息監聽】已渲染並發送頻道 1349054710849470504 的 7 條訊息
2025-08-19 17:02:25,799 INFO 【訊息監聽】已渲染並發送頻道 1350805508440854660 的 1 條訊息
2025-08-19 17:03:55,554 INFO 【訊息監聽】已渲染並發送頻道 1349054710849470504 的 9 條訊息
2025-08-19 17:16:26,592 INFO 【訊息監聽】已渲染並發送頻道 1349054710849470504 的 5 條訊息
2025-08-19 17:22:25,135 INFO 【訊息監聽】已渲染並發送頻道 1350805508440854660 的 2 條訊息
2025-08-19 17:29:25,133 INFO 【訊息監聽】已渲染並發送頻道 1349054710849470504 的 1 條訊息
2025-08-19 19:54:55,458 INFO 【訊息監聽】已渲染並發送頻道 1349054710849470504 的 2 條訊息
2025-08-20 04:48:42,699 INFO 【訊息監聽】已渲染並發送頻道 1351206356488814738 的 10 條訊息
2025-08-20 04:53:31,122 INFO 【訊息監聽】已渲染並發送頻道 1351206356488814738 的 10 條訊息
2025-08-20 05:03:55,200 INFO 【訊息監聽】已渲染並發送頻道 1351206356488814738 的 4 條訊息
2025-08-20 05:20:25,790 INFO 【訊息監聽】已渲染並發送頻道 1351206356488814738 的 6 條訊息
2025-08-20 05:33:55,668 INFO 【訊息監聽】已渲染並發送頻道 1351206356488814738 的 6 條訊息
2025-08-20 05:48:25,395 INFO 【訊息監聽】已渲染並發送頻道 1351206356488814738 的 7 條訊息
2025-08-20 08:00:00,440 INFO 【訊息監聽】已清理 7 天前的舊訊息
2025-08-20 09:58:55,437 INFO 【訊息監聽】已渲染並發送頻道 1351206356488814738 的 2 條訊息
2025-08-20 10:30:55,312 INFO 【訊息監聽】已渲染並發送頻道 1349054710849470504 的 1 條訊息
2025-08-20 11:47:25,744 INFO 【訊息監聽】已渲染並發送頻道 1351206356488814738 的 1 條訊息
2025-08-20 11:47:55,309 INFO 【訊息監聽】已渲染並發送頻道 1349054710849470504 的 4 條訊息
2025-08-20 12:37:26,927 INFO 【訊息監聽】已渲染並發送頻道 1349054710849470504 的 4 條訊息
2025-08-20 12:47:46,255 INFO 【訊息監聽】已渲染並發送頻道 1351206356488814738 的 10 條訊息
2025-08-20 12:48:25,113 INFO 【訊息監聽】已渲染並發送頻道 1349054710849470504 的 1 條訊息
2025-08-20 12:58:56,336 INFO 【訊息監聽】已渲染並發送頻道 1349054710849470504 的 4 條訊息
2025-08-20 12:59:25,893 INFO 【訊息監聽】已渲染並發送頻道 1351206356488814738 的 6 條訊息
2025-08-20 13:09:55,360 INFO 【訊息監聽】已渲染並發送頻道 1351206356488814738 的 3 條訊息
2025-08-20 13:51:55,892 INFO 【訊息監聽】已渲染並發送頻道 1349054710849470504 的 3 條訊息
2025-08-20 14:15:55,360 INFO 【訊息監聽】已渲染並發送頻道 1351206356488814738 的 2 條訊息
2025-08-20 14:26:55,221 INFO 【訊息監聽】已渲染並發送頻道 1349054710849470504 的 1 條訊息
2025-08-20 14:30:27,298 INFO 【訊息監聽】已渲染並發送頻道 1351206356488814738 的 2 條訊息
2025-08-20 14:54:55,699 INFO 【訊息監聽】已渲染並發送頻道 1349054710849470504 的 4 條訊息
2025-08-20 15:36:55,202 INFO 【訊息監聽】已渲染並發送頻道 1349054710849470504 的 3 條訊息
2025-08-20 15:47:25,259 INFO 【訊息監聽】已渲染並發送頻道 1351206356488814738 的 2 條訊息
2025-08-20 15:48:13,523 INFO 【訊息監聽】已渲染並發送頻道 1349054710849470504 的 10 條訊息
2025-08-20 15:50:01,329 INFO 【訊息監聽】已渲染並發送頻道 1349054710849470504 的 10 條訊息
2025-08-20 15:51:33,308 INFO 【訊息監聽】已渲染並發送頻道 1349054710849470504 的 10 條訊息
2025-08-20 15:53:40,631 INFO 【訊息監聽】已渲染並發送頻道 1349054710849470504 的 10 條訊息
2025-08-20 15:55:42,773 INFO 【訊息監聽】已渲染並發送頻道 1349054710849470504 的 10 條訊息
2025-08-20 15:57:39,230 INFO 【訊息監聽】已渲染並發送頻道 1349054710849470504 的 10 條訊息
2025-08-20 16:07:55,212 INFO 【訊息監聽】已渲染並發送頻道 1349054710849470504 的 4 條訊息
2025-08-20 16:29:28,630 INFO 【訊息監聽】已渲染並發送頻道 1350811125200982077 的 2 條訊息
2025-08-20 16:29:43,526 INFO 【訊息監聽】已渲染並發送頻道 1353423935324295268 的 10 條訊息
2025-08-20 16:30:51,393 INFO 【訊息監聽】已渲染並發送頻道 1353423935324295268 的 10 條訊息
2025-08-20 16:31:55,234 INFO 【訊息監聽】已渲染並發送頻道 1349054710849470504 的 1 條訊息
2025-08-20 16:32:23,675 INFO 【訊息監聽】已渲染並發送頻道 1353423935324295268 的 10 條訊息
2025-08-20 16:32:48,445 INFO 【訊息監聽】已渲染並發送頻道 1353423935324295268 的 10 條訊息
2025-08-20 16:33:19,865 INFO 【訊息監聽】已渲染並發送頻道 1353423935324295268 的 10 條訊息
2025-08-20 16:34:01,389 INFO 【訊息監聽】已渲染並發送頻道 1353423935324295268 的 10 條訊息
2025-08-20 16:35:07,800 INFO 【訊息監聽】已渲染並發送頻道 1353423935324295268 的 10 條訊息
2025-08-20 16:35:43,088 INFO 【訊息監聽】已渲染並發送頻道 1353423935324295268 的 10 條訊息
2025-08-20 16:36:26,058 INFO 【訊息監聽】已渲染並發送頻道 1353423935324295268 的 10 條訊息
2025-08-20 16:37:32,439 INFO 【訊息監聽】已渲染並發送頻道 1353423935324295268 的 10 條訊息
2025-08-20 16:38:23,917 INFO 【訊息監聽】已渲染並發送頻道 1353423935324295268 的 10 條訊息
2025-08-20 16:39:10,433 INFO 【訊息監聽】已渲染並發送頻道 1353423935324295268 的 10 條訊息
2025-08-20 16:39:42,594 INFO 【訊息監聽】已渲染並發送頻道 1353423935324295268 的 10 條訊息
2025-08-20 16:40:13,935 INFO 【訊息監聽】已渲染並發送頻道 1353423935324295268 的 10 條訊息
2025-08-20 16:40:41,935 INFO 【訊息監聽】已渲染並發送頻道 1353423935324295268 的 10 條訊息
2025-08-20 16:41:37,287 INFO 【訊息監聽】已渲染並發送頻道 1353423935324295268 的 10 條訊息
2025-08-20 16:42:15,981 INFO 【訊息監聽】已渲染並發送頻道 1353423935324295268 的 10 條訊息
2025-08-20 16:43:06,840 INFO 【訊息監聽】已渲染並發送頻道 1353423935324295268 的 10 條訊息
2025-08-20 16:43:37,120 INFO 【訊息監聽】已渲染並發送頻道 1353423935324295268 的 10 條訊息
2025-08-20 16:44:36,047 INFO 【訊息監聽】已渲染並發送頻道 1353423935324295268 的 10 條訊息
2025-08-20 16:45:24,713 INFO 【訊息監聽】已渲染並發送頻道 1353423935324295268 的 10 條訊息
2025-08-20 16:46:03,462 INFO 【訊息監聽】已渲染並發送頻道 1353423935324295268 的 10 條訊息
2025-08-20 16:46:46,858 INFO 【訊息監聽】已渲染並發送頻道 1353423935324295268 的 10 條訊息
2025-08-20 16:47:36,420 INFO 【訊息監聽】已渲染並發送頻道 1353423935324295268 的 10 條訊息
2025-08-20 16:48:16,670 INFO 【訊息監聽】已渲染並發送頻道 1353423935324295268 的 10 條訊息
2025-08-20 16:48:41,055 INFO 【訊息監聽】已渲染並發送頻道 1353423935324295268 的 10 條訊息
2025-08-20 16:49:14,151 INFO 【訊息監聽】已渲染並發送頻道 1353423935324295268 的 10 條訊息
2025-08-20 16:49:57,610 INFO 【訊息監聽】已渲染並發送頻道 1353423935324295268 的 10 條訊息
2025-08-20 16:50:18,025 INFO 【訊息監聽】已渲染並發送頻道 1353423935324295268 的 10 條訊息
2025-08-20 16:50:39,214 INFO 【訊息監聽】已渲染並發送頻道 1353423935324295268 的 10 條訊息
2025-08-20 16:51:33,022 INFO 【訊息監聽】已渲染並發送頻道 1353423935324295268 的 10 條訊息
2025-08-20 16:52:36,854 INFO 【訊息監聽】已渲染並發送頻道 1353423935324295268 的 10 條訊息
2025-08-20 17:03:28,176 INFO 【訊息監聽】已渲染並發送頻道 1353423935324295268 的 9 條訊息
2025-08-20 17:06:55,042 INFO 【訊息監聽】已渲染並發送頻道 1349054710849470504 的 10 條訊息
2025-08-20 17:07:45,922 INFO 【訊息監聽】已渲染並發送頻道 1349054710849470504 的 10 條訊息
2025-08-20 17:08:17,569 INFO 【訊息監聽】已渲染並發送頻道 1349054710849470504 的 10 條訊息
2025-08-20 17:08:52,129 INFO 【訊息監聽】已渲染並發送頻道 1349054710849470504 的 10 條訊息
2025-08-20 17:09:32,420 INFO 【訊息監聽】已渲染並發送頻道 1349054710849470504 的 10 條訊息
2025-08-20 17:10:19,624 INFO 【訊息監聽】已渲染並發送頻道 1349054710849470504 的 10 條訊息
2025-08-20 17:11:02,916 INFO 【訊息監聽】已渲染並發送頻道 1349054710849470504 的 10 條訊息
2025-08-20 17:11:34,891 INFO 【訊息監聽】已渲染並發送頻道 1349054710849470504 的 10 條訊息
2025-08-20 17:12:04,745 INFO 【訊息監聽】已渲染並發送頻道 1349054710849470504 的 10 條訊息
2025-08-20 17:12:28,056 INFO 【訊息監聽】已渲染並發送頻道 1349054710849470504 的 10 條訊息
2025-08-20 17:13:12,048 INFO 【訊息監聽】已渲染並發送頻道 1349054710849470504 的 10 條訊息
2025-08-20 17:13:48,933 INFO 【訊息監聽】已渲染並發送頻道 1349054710849470504 的 10 條訊息
2025-08-20 17:14:56,237 INFO 【訊息監聽】已渲染並發送頻道 1349054710849470504 的 10 條訊息
2025-08-20 17:15:51,660 INFO 【訊息監聽】已渲染並發送頻道 1349054710849470504 的 10 條訊息
2025-08-20 17:16:25,198 INFO 【訊息監聽】已渲染並發送頻道 1351206356488814738 的 3 條訊息
2025-08-20 17:16:39,790 INFO 【訊息監聽】已渲染並發送頻道 1349054710849470504 的 10 條訊息
2025-08-20 17:17:51,878 INFO 【訊息監聽】已渲染並發送頻道 1349054710849470504 的 10 條訊息
2025-08-20 17:18:23,408 INFO 【訊息監聽】已渲染並發送頻道 1349054710849470504 的 10 條訊息
2025-08-20 17:18:45,691 INFO 【訊息監聽】已渲染並發送頻道 1349054710849470504 的 10 條訊息
2025-08-20 17:19:28,173 INFO 【訊息監聽】已渲染並發送頻道 1349054710849470504 的 10 條訊息
2025-08-20 17:20:04,511 INFO 【訊息監聽】已渲染並發送頻道 1349054710849470504 的 10 條訊息
2025-08-20 17:21:03,088 INFO 【訊息監聽】已渲染並發送頻道 1349054710849470504 的 10 條訊息
2025-08-20 17:22:18,598 INFO 【訊息監聽】已渲染並發送頻道 1349054710849470504 的 10 條訊息
2025-08-20 17:23:35,034 INFO 【訊息監聽】已渲染並發送頻道 1349054710849470504 的 10 條訊息
2025-08-20 17:25:10,413 INFO 【訊息監聽】已渲染並發送頻道 1349054710849470504 的 10 條訊息
2025-08-20 17:25:54,266 INFO 【訊息監聽】已渲染並發送頻道 1349054710849470504 的 10 條訊息
2025-08-20 17:26:28,504 INFO 【訊息監聽】已渲染並發送頻道 1349054710849470504 的 10 條訊息
2025-08-20 17:27:07,139 INFO 【訊息監聽】已渲染並發送頻道 1349054710849470504 的 10 條訊息
2025-08-20 17:27:35,168 INFO 【訊息監聽】已渲染並發送頻道 1349054710849470504 的 10 條訊息
2025-08-20 17:28:27,479 INFO 【訊息監聽】已渲染並發送頻道 1349054710849470504 的 10 條訊息
2025-08-20 17:29:15,776 INFO 【訊息監聽】已渲染並發送頻道 1349054710849470504 的 10 條訊息
2025-08-20 17:29:45,975 INFO 【訊息監聽】已渲染並發送頻道 1349054710849470504 的 10 條訊息
2025-08-20 17:30:22,947 INFO 【訊息監聽】已渲染並發送頻道 1349054710849470504 的 10 條訊息
2025-08-20 17:30:59,292 INFO 【訊息監聽】已渲染並發送頻道 1349054710849470504 的 10 條訊息
2025-08-20 17:31:36,087 INFO 【訊息監聽】已渲染並發送頻道 1349054710849470504 的 10 條訊息
2025-08-20 17:32:10,915 INFO 【訊息監聽】已渲染並發送頻道 1349054710849470504 的 10 條訊息
2025-08-20 17:32:44,751 INFO 【訊息監聽】已渲染並發送頻道 1349054710849470504 的 10 條訊息
2025-08-20 17:33:25,713 INFO 【訊息監聽】已渲染並發送頻道 1349054710849470504 的 10 條訊息
2025-08-20 17:34:36,390 INFO 【訊息監聽】已渲染並發送頻道 1349054710849470504 的 10 條訊息
2025-08-20 17:35:13,412 INFO 【訊息監聽】已渲染並發送頻道 1349054710849470504 的 10 條訊息
2025-08-20 17:37:07,229 INFO 【訊息監聽】已渲染並發送頻道 1349054710849470504 的 10 條訊息
2025-08-20 17:37:43,342 INFO 【訊息監聽】已渲染並發送頻道 1349054710849470504 的 10 條訊息
2025-08-20 17:38:04,316 INFO 【訊息監聽】已渲染並發送頻道 1349054710849470504 的 10 條訊息
2025-08-20 17:38:50,071 INFO 【訊息監聽】已渲染並發送頻道 1349054710849470504 的 10 條訊息
2025-08-20 17:40:08,361 INFO 【訊息監聽】已渲染並發送頻道 1349054710849470504 的 10 條訊息
2025-08-20 17:41:06,009 INFO 【訊息監聽】已渲染並發送頻道 1349054710849470504 的 10 條訊息
2025-08-20 17:42:22,733 INFO 【訊息監聽】已渲染並發送頻道 1349054710849470504 的 10 條訊息
2025-08-20 17:43:10,876 INFO 【訊息監聽】已渲染並發送頻道 1349054710849470504 的 10 條訊息
2025-08-20 17:44:11,774 INFO 【訊息監聽】已渲染並發送頻道 1349054710849470504 的 10 條訊息
2025-08-20 17:45:27,152 INFO 【訊息監聽】已渲染並發送頻道 1349054710849470504 的 10 條訊息
2025-08-20 17:46:47,432 INFO 【訊息監聽】已渲染並發送頻道 1349054710849470504 的 10 條訊息
2025-08-20 17:47:22,982 INFO 【訊息監聽】已渲染並發送頻道 1349054710849470504 的 10 條訊息
2025-08-20 17:48:47,729 INFO 【訊息監聽】已渲染並發送頻道 1349054710849470504 的 10 條訊息
2025-08-20 17:49:32,915 INFO 【訊息監聽】已渲染並發送頻道 1349054710849470504 的 10 條訊息
2025-08-20 17:50:09,162 INFO 【訊息監聽】已渲染並發送頻道 1349054710849470504 的 10 條訊息
2025-08-20 17:51:36,220 INFO 【訊息監聽】已渲染並發送頻道 1349054710849470504 的 10 條訊息
2025-08-20 17:52:55,067 INFO 【訊息監聽】已渲染並發送頻道 1349054710849470504 的 10 條訊息
2025-08-20 17:53:46,767 INFO 【訊息監聽】已渲染並發送頻道 1349054710849470504 的 10 條訊息
2025-08-20 17:54:39,083 INFO 【訊息監聽】已渲染並發送頻道 1349054710849470504 的 10 條訊息
2025-08-20 17:58:46,776 INFO 【訊息監聽】已渲染並發送頻道 1349054710849470504 的 10 條訊息
2025-08-20 18:09:55,477 INFO 【訊息監聽】已渲染並發送頻道 1349054710849470504 的 5 條訊息
2025-08-20 18:20:25,193 INFO 【訊息監聽】已渲染並發送頻道 1349054710849470504 的 1 條訊息
2025-08-20 18:31:25,095 INFO 【訊息監聽】已渲染並發送頻道 1349054710849470504 的 1 條訊息
2025-08-20 18:50:55,220 INFO 【訊息監聽】已渲染並發送頻道 1349054710849470504 的 4 條訊息
2025-08-20 18:59:12,759 INFO 【訊息監聽】已渲染並發送頻道 1349054710849470504 的 10 條訊息
2025-08-20 19:09:25,244 INFO 【訊息監聽】已渲染並發送頻道 1349054710849470504 的 8 條訊息
2025-08-20 19:16:32,573 INFO 【訊息監聽】已渲染並發送頻道 1349054710849470504 的 10 條訊息
2025-08-20 19:23:12,943 INFO 【訊息監聽】已渲染並發送頻道 1349054710849470504 的 10 條訊息
2025-08-20 19:25:29,570 INFO 【訊息監聽】已渲染並發送頻道 1349054710849470504 的 10 條訊息
2025-08-20 19:28:30,920 INFO 【訊息監聽】已渲染並發送頻道 1349054710849470504 的 10 條訊息
2025-08-20 19:29:40,249 INFO 【訊息監聽】已渲染並發送頻道 1349054710849470504 的 10 條訊息
2025-08-20 19:30:26,279 INFO 【訊息監聽】已渲染並發送頻道 1349054710849470504 的 10 條訊息
2025-08-20 19:32:06,069 INFO 【訊息監聽】已渲染並發送頻道 1349054710849470504 的 10 條訊息
2025-08-20 19:33:06,421 INFO 【訊息監聽】已渲染並發送頻道 1349054710849470504 的 10 條訊息
2025-08-20 19:34:25,558 INFO 【訊息監聽】已渲染並發送頻道 1349054710849470504 的 10 條訊息
2025-08-20 19:35:24,623 INFO 【訊息監聽】已渲染並發送頻道 1349054710849470504 的 10 條訊息
2025-08-20 19:37:06,907 INFO 【訊息監聽】已渲染並發送頻道 1349054710849470504 的 10 條訊息
2025-08-20 19:38:02,621 INFO 【訊息監聽】已渲染並發送頻道 1349054710849470504 的 10 條訊息
2025-08-20 19:39:11,537 INFO 【訊息監聽】已渲染並發送頻道 1349054710849470504 的 10 條訊息
2025-08-20 19:40:48,083 INFO 【訊息監聽】已渲染並發送頻道 1349054710849470504 的 10 條訊息
2025-08-20 19:41:32,592 INFO 【訊息監聽】已渲染並發送頻道 1349054710849470504 的 10 條訊息
2025-08-20 19:42:39,310 INFO 【訊息監聽】已渲染並發送頻道 1349054710849470504 的 10 條訊息
2025-08-20 19:44:01,327 INFO 【訊息監聽】已渲染並發送頻道 1349054710849470504 的 10 條訊息
2025-08-20 19:44:55,642 INFO 【訊息監聽】已渲染並發送頻道 1349054710849470504 的 10 條訊息
2025-08-20 19:45:49,220 INFO 【訊息監聽】已渲染並發送頻道 1349054710849470504 的 10 條訊息
2025-08-20 19:46:15,276 INFO 【訊息監聽】已渲染並發送頻道 1349054710849470504 的 10 條訊息
2025-08-20 19:47:34,819 INFO 【訊息監聽】已渲染並發送頻道 1349054710849470504 的 10 條訊息
2025-08-20 19:48:32,888 INFO 【訊息監聽】已渲染並發送頻道 1349054710849470504 的 10 條訊息
2025-08-20 19:49:11,234 INFO 【訊息監聽】已渲染並發送頻道 1349054710849470504 的 10 條訊息
2025-08-20 19:49:39,697 INFO 【訊息監聽】已渲染並發送頻道 1349054710849470504 的 10 條訊息
2025-08-20 19:50:16,408 INFO 【訊息監聽】已渲染並發送頻道 1349054710849470504 的 10 條訊息
2025-08-20 19:51:25,288 INFO 【訊息監聽】已渲染並發送頻道 1349054710849470504 的 10 條訊息
2025-08-20 19:52:10,720 INFO 【訊息監聽】已渲染並發送頻道 1349054710849470504 的 10 條訊息
2025-08-20 19:52:48,526 INFO 【訊息監聽】已渲染並發送頻道 1349054710849470504 的 10 條訊息
2025-08-20 19:54:51,256 INFO 【訊息監聽】已渲染並發送頻道 1349054710849470504 的 10 條訊息
2025-08-20 20:03:27,403 INFO 【訊息監聽】已渲染並發送頻道 1349054710849470504 的 10 條訊息
2025-08-20 20:19:25,211 INFO 【訊息監聽】已渲染並發送頻道 1349054710849470504 的 7 條訊息
2025-08-20 20:23:25,275 INFO 【訊息監聽】已渲染並發送頻道 1351206356488814738 的 1 條訊息
2025-08-20 20:30:25,846 INFO 【訊息監聽】已渲染並發送頻道 1349054710849470504 的 6 條訊息
2025-08-20 20:33:25,109 INFO 【訊息監聽】已渲染並發送頻道 1349054710849470504 的 10 條訊息
2025-08-20 20:43:55,794 INFO 【訊息監聽】已渲染並發送頻道 1349054710849470504 的 3 條訊息
2025-08-20 20:57:55,254 INFO 【訊息監聽】已渲染並發送頻道 1349054710849470504 的 4 條訊息
2025-08-20 21:14:26,211 INFO 【訊息監聽】已渲染並發送頻道 1349054710849470504 的 6 條訊息
2025-08-20 21:27:25,384 INFO 【訊息監聽】已渲染並發送頻道 1349054710849470504 的 2 條訊息
2025-08-20 21:37:12,777 INFO 【訊息監聽】已渲染並發送頻道 1349054710849470504 的 10 條訊息
2025-08-20 21:49:25,346 INFO 【訊息監聽】已渲染並發送頻道 1349054710849470504 的 1 條訊息
2025-08-20 21:59:55,675 INFO 【訊息監聽】已渲染並發送頻道 1349054710849470504 的 1 條訊息
2025-08-20 22:04:57,426 INFO 【訊息監聽】已渲染並發送頻道 1349054710849470504 的 10 條訊息
2025-08-20 22:10:28,056 INFO 【訊息監聽】已渲染並發送頻道 1353423935324295268 的 2 條訊息
2025-08-20 22:15:28,457 INFO 【訊息監聽】已渲染並發送頻道 1349054710849470504 的 8 條訊息
2025-08-20 22:20:34,648 INFO 【訊息監聽】已渲染並發送頻道 1349054710849470504 的 10 條訊息
2025-08-20 22:32:55,737 INFO 【訊息監聽】已渲染並發送頻道 1349054710849470504 的 2 條訊息
2025-08-20 22:45:25,230 INFO 【訊息監聽】已渲染並發送頻道 1349054710849470504 的 1 條訊息
2025-08-20 22:59:25,981 INFO 【訊息監聽】已渲染並發送頻道 1349054710849470504 的 8 條訊息
2025-08-20 23:12:25,173 INFO 【訊息監聽】已渲染並發送頻道 1349054710849470504 的 1 條訊息
2025-08-20 23:27:55,499 INFO 【訊息監聽】已渲染並發送頻道 1349054710849470504 的 8 條訊息
2025-08-20 23:40:55,467 INFO 【訊息監聽】已渲染並發送頻道 1349054710849470504 的 3 條訊息
