2025-07-23 20:37:42,174 INFO 【訊息監聽】找到字型檔案: /Users/tszkinlai/Coding/Discord ADR bot/fonts/wqy-microhei.ttc
2025-07-23 20:37:42,177 INFO 【訊息監聽】成功載入字型：/Users/tszkinlai/Coding/Discord ADR bot/fonts/wqy-microhei.ttc
2025-07-23 20:37:42,182 INFO 【訊息監聽】字型 /Users/tszkinlai/Coding/Discord ADR bot/fonts/wqy-microhei.ttc 支援中文
2025-07-23 20:37:42,184 INFO 【訊息監聽】資料庫表格初始化完成
2025-07-23 20:37:42,184 ERROR 【訊息監聽】執行 SELECT 查詢失敗: tuple index out of range
2025-07-23 20:37:42,185 INFO 【訊息監聽】Cog 載入完成
2025-07-23 22:19:18,284 INFO 【訊息監聽】找到字型檔案: /Users/tszkinlai/Coding/Discord ADR bot/fonts/wqy-microhei.ttc
2025-07-23 22:19:18,286 INFO 【訊息監聽】成功載入字型：/Users/tszkinlai/Coding/Discord ADR bot/fonts/wqy-microhei.ttc
2025-07-23 22:19:18,289 INFO 【訊息監聽】字型 /Users/tszkinlai/Coding/Discord ADR bot/fonts/wqy-microhei.ttc 支援中文
2025-07-23 22:19:18,290 INFO 【訊息監聽】成功載入字型：/path/to/font.ttf
2025-07-23 22:19:18,290 WARNING 【訊息監聽】字型 /path/to/font.ttf 不支援字符: 測
2025-07-23 22:19:18,291 INFO 【訊息監聽】找到字型檔案: /Users/tszkinlai/Coding/Discord ADR bot/fonts/wqy-microhei.ttc
2025-07-23 22:19:18,291 INFO 【訊息監聽】成功載入字型：/Users/tszkinlai/Coding/Discord ADR bot/fonts/wqy-microhei.ttc
2025-07-23 22:19:18,291 INFO 【訊息監聽】字型 /Users/tszkinlai/Coding/Discord ADR bot/fonts/wqy-microhei.ttc 支援中文
2025-07-23 22:19:18,291 ERROR 【訊息監聽】載入字型失敗：字型載入失敗
2025-07-23 22:19:18,292 INFO 【訊息監聽】找到字型檔案: /Users/tszkinlai/Coding/Discord ADR bot/fonts/wqy-microhei.ttc
2025-07-23 22:19:18,292 INFO 【訊息監聽】成功載入字型：/Users/tszkinlai/Coding/Discord ADR bot/fonts/wqy-microhei.ttc
2025-07-23 22:19:18,292 INFO 【訊息監聽】字型 /Users/tszkinlai/Coding/Discord ADR bot/fonts/wqy-microhei.ttc 支援中文
2025-07-23 22:19:18,294 INFO 【訊息監聽】找到字型檔案: /Users/tszkinlai/Coding/Discord ADR bot/fonts/wqy-microhei.ttc
2025-07-23 22:19:18,294 INFO 【訊息監聽】成功載入字型：/Users/tszkinlai/Coding/Discord ADR bot/fonts/wqy-microhei.ttc
2025-07-23 22:19:18,294 INFO 【訊息監聽】字型 /Users/tszkinlai/Coding/Discord ADR bot/fonts/wqy-microhei.ttc 支援中文
2025-07-23 22:19:18,296 ERROR 【訊息監聽】下載頭像失敗：__aenter__
2025-07-23 22:19:18,296 ERROR 【訊息監聽】獲取增強頭像失敗：cannot determine region size; use 4-item box
2025-07-23 22:19:18,297 INFO 【訊息監聽】找到字型檔案: /Users/tszkinlai/Coding/Discord ADR bot/fonts/wqy-microhei.ttc
2025-07-23 22:19:18,298 INFO 【訊息監聽】成功載入字型：/Users/tszkinlai/Coding/Discord ADR bot/fonts/wqy-microhei.ttc
2025-07-23 22:19:18,298 INFO 【訊息監聽】字型 /Users/tszkinlai/Coding/Discord ADR bot/fonts/wqy-microhei.ttc 支援中文
2025-07-23 22:19:18,299 ERROR 【訊息監聽】下載頭像失敗：__aenter__
2025-07-23 22:19:18,299 ERROR 【訊息監聽】獲取增強頭像失敗：cannot determine region size; use 4-item box
2025-07-23 22:19:18,300 INFO 【訊息監聽】找到字型檔案: /Users/tszkinlai/Coding/Discord ADR bot/fonts/wqy-microhei.ttc
2025-07-23 22:19:18,300 INFO 【訊息監聽】成功載入字型：/Users/tszkinlai/Coding/Discord ADR bot/fonts/wqy-microhei.ttc
2025-07-23 22:19:18,301 INFO 【訊息監聽】字型 /Users/tszkinlai/Coding/Discord ADR bot/fonts/wqy-microhei.ttc 支援中文
2025-07-23 22:19:18,301 INFO 【訊息監聽】找到字型檔案: /Users/tszkinlai/Coding/Discord ADR bot/fonts/wqy-microhei.ttc
2025-07-23 22:19:18,301 INFO 【訊息監聽】成功載入字型：/Users/tszkinlai/Coding/Discord ADR bot/fonts/wqy-microhei.ttc
2025-07-23 22:19:18,302 INFO 【訊息監聽】字型 /Users/tszkinlai/Coding/Discord ADR bot/fonts/wqy-microhei.ttc 支援中文
2025-07-23 22:19:18,303 INFO 【訊息監聽】找到字型檔案: /Users/tszkinlai/Coding/Discord ADR bot/fonts/wqy-microhei.ttc
2025-07-23 22:19:18,304 INFO 【訊息監聽】成功載入字型：/Users/tszkinlai/Coding/Discord ADR bot/fonts/wqy-microhei.ttc
2025-07-23 22:19:18,304 INFO 【訊息監聽】字型 /Users/tszkinlai/Coding/Discord ADR bot/fonts/wqy-microhei.ttc 支援中文
2025-07-23 22:19:18,305 INFO 【訊息監聽】找到字型檔案: /Users/tszkinlai/Coding/Discord ADR bot/fonts/wqy-microhei.ttc
2025-07-23 22:19:18,305 INFO 【訊息監聽】成功載入字型：/Users/tszkinlai/Coding/Discord ADR bot/fonts/wqy-microhei.ttc
2025-07-23 22:19:18,305 INFO 【訊息監聽】字型 /Users/tszkinlai/Coding/Discord ADR bot/fonts/wqy-microhei.ttc 支援中文
2025-07-23 22:19:18,312 INFO 【訊息監聽】資料庫表格初始化完成
2025-07-23 22:19:18,329 INFO 【訊息監聽】清理了 <Mock name='mock.rowcount' id='4402668544'> 條過期訊息
2025-07-23 22:19:18,394 INFO 【訊息監聽】已渲染並發送頻道 67890 的 1 條訊息
2025-07-23 22:19:18,406 ERROR 【訊息監聽】搜尋訊息失敗
Traceback (most recent call last):
  File "/Users/tszkinlai/Coding/Discord ADR bot/cogs/message_listener/main/main.py", line 302, in cmd_search
    from ..panel.search_view import SearchPaginationView
ModuleNotFoundError: No module named 'cogs.message_listener.panel.search_view'
2025-07-23 22:19:18,970 ERROR 【訊息監聽】資料庫初始化失敗: 資料庫連接失敗
2025-07-23 22:19:18,974 INFO 【訊息監聽】找到字型檔案: /Users/tszkinlai/Coding/Discord ADR bot/fonts/wqy-microhei.ttc
2025-07-23 22:19:18,974 INFO 【訊息監聽】成功載入字型：/Users/tszkinlai/Coding/Discord ADR bot/fonts/wqy-microhei.ttc
2025-07-23 22:19:18,975 INFO 【訊息監聽】字型 /Users/tszkinlai/Coding/Discord ADR bot/fonts/wqy-microhei.ttc 支援中文
2025-07-23 22:19:18,977 ERROR 【訊息監聽】執行 SELECT 查詢失敗: tuple index out of range
2025-07-23 22:19:18,977 WARNING 【訊息監聽】找不到日誌頻道，無法處理頻道 12345 的訊息
